\BOOKMARK [0][-]{chapter.1}{\376\377\000G\000e\000t\000t\000i\000n\000g\000\040\000s\000t\000a\000r\000t\000e\000d}{}% 1
\BOOKMARK [1][-]{section.1.1}{\376\377\000I\000n\000s\000t\000a\000l\000l\000a\000t\000i\000o\000n}{chapter.1}% 2
\BOOKMARK [1][-]{section.1.2}{\376\377\000R\000e\000q\000u\000i\000r\000e\000m\000e\000n\000t\000s}{chapter.1}% 3
\BOOKMARK [1][-]{section.1.3}{\376\377\000R\000e\000t\000r\000i\000e\000v\000i\000n\000g\000\040\000A\000u\000t\000o\000C\000A\000D\000\040\000A\000c\000t\000i\000v\000e\000X\000\040\000d\000o\000c\000u\000m\000e\000n\000t\000a\000t\000i\000o\000n}{chapter.1}% 4
\BOOKMARK [0][-]{chapter.2}{\376\377\000U\000s\000a\000g\000e}{}% 5
\BOOKMARK [1][-]{section.2.1}{\376\377\000I\000n\000i\000t\000i\000a\000l\000i\000z\000i\000n\000g\000\040\000t\000h\000e\000\040\000A\000u\000t\000o\000C\000A\000D\000\040\000A\000P\000I\000:}{chapter.2}% 6
\BOOKMARK [1][-]{section.2.2}{\376\377\000R\000e\000t\000r\000i\000e\000v\000i\000n\000g\000\040\000a\000c\000t\000i\000v\000e\000\040\000d\000o\000c\000u\000m\000e\000n\000t\000\040\000n\000a\000m\000e}{chapter.2}% 7
\BOOKMARK [1][-]{section.2.3}{\376\377\000A\000d\000d\000i\000n\000g\000\040\000o\000b\000j\000e\000c\000t\000s\000\040\000t\000o\000\040\000t\000h\000e\000\040\000a\000c\000t\000i\000v\000e\000\040\000d\000o\000c\000u\000m\000e\000n\000t}{chapter.2}% 8
\BOOKMARK [2][-]{subsection.2.3.1}{\376\377\000P\000o\000i\000n\000t\000s}{section.2.3}% 9
\BOOKMARK [2][-]{subsection.2.3.2}{\376\377\000L\000i\000n\000e\000s}{section.2.3}% 10
\BOOKMARK [2][-]{subsection.2.3.3}{\376\377\000P\000o\000l\000y\000l\000i\000n\000e\000s}{section.2.3}% 11
\BOOKMARK [2][-]{subsection.2.3.4}{\376\377\000C\000i\000r\000c\000l\000e\000s}{section.2.3}% 12
\BOOKMARK [2][-]{subsection.2.3.5}{\376\377\000T\000e\000x\000t}{section.2.3}% 13
\BOOKMARK [2][-]{subsection.2.3.6}{\376\377\000M\000u\000l\000t\000i\000L\000i\000n\000e\000T\000e\000x\000t}{section.2.3}% 14
\BOOKMARK [2][-]{subsection.2.3.7}{\376\377\000H\000a\000t\000c\000h}{section.2.3}% 15
\BOOKMARK [2][-]{subsection.2.3.8}{\376\377\000A\000l\000i\000g\000n\000e\000d\000\040\000D\000i\000m\000e\000n\000s\000i\000o\000n}{section.2.3}% 16
\BOOKMARK [2][-]{subsection.2.3.9}{\376\377\000F\000u\000r\000t\000h\000e\000r\000\040\000i\000n\000f\000o\000r\000m\000a\000t\000i\000o\000n\000\040\000a\000b\000o\000u\000t\000\040\000o\000b\000j\000e\000c\000t\000s}{section.2.3}% 17
\BOOKMARK [1][-]{section.2.4}{\376\377\000R\000e\000t\000r\000i\000e\000v\000i\000n\000g\000\040\000o\000v\000e\000r\000\040\000d\000o\000c\000u\000m\000e\000n\000t\000s\000,\000\040\000l\000a\000y\000o\000u\000t\000s\000,\000\040\000l\000a\000y\000e\000r\000,\000\040\000o\000b\000j\000e\000c\000t\000s\000\040\000a\000n\000d\000\040\000m\000o\000r\000e\000.}{chapter.2}% 18
\BOOKMARK [2][-]{subsection.2.4.1}{\376\377\000R\000e\000t\000r\000i\000e\000v\000i\000n\000g\000\040\000d\000o\000c\000u\000m\000e\000n\000t\000s\000\040\000f\000r\000o\000m\000\040\000t\000h\000e\000\040\000A\000u\000t\000o\000C\000A\000D\000\040\000A\000P\000I}{section.2.4}% 19
\BOOKMARK [2][-]{subsection.2.4.2}{\376\377\000R\000e\000t\000r\000i\000e\000v\000i\000n\000g\000\040\000b\000l\000o\000c\000k\000s\000\040\000f\000r\000o\000m\000\040\000t\000h\000e\000\040\000d\000o\000c\000u\000m\000e\000n\000t}{section.2.4}% 20
\BOOKMARK [2][-]{subsection.2.4.3}{\376\377\000R\000e\000t\000r\000i\000e\000v\000i\000n\000g\000\040\000d\000i\000m\000e\000n\000s\000i\000o\000n\000\040\000s\000t\000y\000l\000e\000s\000\040\000f\000r\000o\000m\000\040\000t\000h\000e\000\040\000d\000o\000c\000u\000m\000e\000n\000t}{section.2.4}% 21
\BOOKMARK [2][-]{subsection.2.4.4}{\376\377\000R\000e\000t\000r\000i\000e\000v\000i\000n\000g\000\040\000l\000a\000y\000e\000r\000s\000\040\000f\000r\000o\000m\000\040\000t\000h\000e\000\040\000d\000o\000c\000u\000m\000e\000n\000t}{section.2.4}% 22
\BOOKMARK [2][-]{subsection.2.4.5}{\376\377\000R\000e\000t\000r\000i\000e\000v\000i\000n\000g\000\040\000l\000a\000y\000o\000u\000t\000s\000\040\000f\000r\000o\000m\000\040\000t\000h\000e\000\040\000d\000o\000c\000u\000m\000e\000n\000t}{section.2.4}% 23
\BOOKMARK [2][-]{subsection.2.4.6}{\376\377\000R\000e\000t\000r\000i\000e\000v\000i\000n\000g\000\040\000o\000b\000j\000e\000c\000t\000s\000\040\000f\000r\000o\000m\000\040\000t\000h\000e\000\040\000d\000o\000c\000u\000m\000e\000n\000t}{section.2.4}% 24
\BOOKMARK [2][-]{subsection.2.4.7}{\376\377\000R\000e\000t\000r\000i\000e\000v\000i\000n\000g\000\040\000t\000e\000x\000t\000\040\000s\000t\000y\000l\000e\000s\000\040\000f\000r\000o\000m\000\040\000t\000h\000e\000\040\000d\000o\000c\000u\000m\000e\000n\000t}{section.2.4}% 25
\BOOKMARK [0][-]{chapter.3}{\376\377\000R\000e\000f\000e\000r\000e\000n\000c\000e\000s}{}% 26
\BOOKMARK [0][-]{section*.22}{\376\377\000P\000y\000t\000h\000o\000n\000\040\000M\000o\000d\000u\000l\000e\000\040\000I\000n\000d\000e\000x}{}% 27
